C51 COMPILER V9.60.0.0   ISR                                                               11/12/2021 23:21:09 PAGE 1   


C51 COMPILER V9.60.0.0, COMPILATION OF MODULE ISR
OBJECT MODULE PLACED IN .\Out_File\isr.obj
COMPILER INVOKED BY: D:\Keil_for_C51\C51\BIN\C51.EXE ..\USER\src\isr.c LARGE OMF2 OPTIMIZE(8,SPEED) BROWSE INCDIR(..\..\
                    -Libraries\libraries;..\..\Libraries\seekfree_libraries;..\..\Libraries\seekfree_peripheral;..\USER\inc;..\USER\src;..\CO
                    -DE;..\BSP\Position_PID;..\BSP\oled;..\BSP\PID) DEBUG PRINT(.\Out_File\isr.lst) TABS(2) OBJECT(.\Out_File\isr.obj)

line level    source

   1          /*********************************************************************************************************
             -************
   2           * COPYRIGHT NOTICE
   3           * Copyright (c) 2020,逐飞科技
   4           * All rights reserved.
   5           * 技术讨论QQ群：一群：179029047(已满)  二群：244861897(已满)  三群：824575535
   6           *
   7           * 以下所有内容版权均属逐飞科技所有，未经允许不得用于商业用途，
   8           * 欢迎各位使用并传播本程序，修改内容时必须保留逐飞科技的版权声明。
   9           *
  10           * @file          isr
  11           * @company       成都逐飞科技有限公司
  12           * @author        逐飞科技(QQ790875685)
  13           * @version       查看doc内version文件 版本说明
  14           * @Software    MDK FOR C51 V9.60
  15           * @Target core   STC8H8K64S4
  16           * @Taobao      https://seekfree.taobao.com/
  17           * @date          2020-4-14
  18           *********************************************************************************************************
             -***********/
  19          #include "headfile.h"
  20          #include "Position_PID.h"
  21          #include "pid.h"
  22          #define DIR P35
  23          int dat;
  24          float speed;
  25          
  26          //UART1中断
  27          void UART1_Isr() interrupt 4
  28          {
  29   1          uint8 res;
  30   1        static uint8 dwon_count;
  31   1          if(UART1_GET_TX_FLAG)
  32   1          {
  33   2              UART1_CLEAR_TX_FLAG;
  34   2              busy[1] = 0;
  35   2          }
  36   1          if(UART1_GET_RX_FLAG)
  37   1          {
  38   2              UART1_CLEAR_RX_FLAG;
  39   2              res = SBUF;
  40   2              //程序自动下载
  41   2              if(res == 0x7F)
  42   2              {
  43   3                  if(dwon_count++ > 20)
  44   3                      IAP_CONTR = 0x60;
  45   3              }
  46   2              else
  47   2              {
  48   3                  dwon_count = 0;
  49   3              }
  50   2          }
  51   1      }
C51 COMPILER V9.60.0.0   ISR                                                               11/12/2021 23:21:09 PAGE 2   

  52          
  53          //UART2中断
  54          void UART2_Isr() interrupt 8
  55          {
  56   1          if(UART2_GET_TX_FLAG)
  57   1        {
  58   2              UART2_CLEAR_TX_FLAG;
  59   2          busy[2] = 0;
  60   2        }
  61   1          if(UART2_GET_RX_FLAG)
  62   1        {
  63   2              UART2_CLEAR_RX_FLAG;
  64   2          //接收数据寄存器为：S2BUF
  65   2      
  66   2        }
  67   1      }
  68          
  69          
  70          //UART3中断
  71          void UART3_Isr() interrupt 17
  72          {
  73   1          if(UART3_GET_TX_FLAG)
  74   1        {
  75   2              UART3_CLEAR_TX_FLAG;
  76   2          busy[3] = 0;
  77   2        }
  78   1          if(UART3_GET_RX_FLAG)
  79   1        {
  80   2              UART3_CLEAR_RX_FLAG;
  81   2          //接收数据寄存器为：S3BUF
  82   2      
  83   2        }
  84   1      }
  85          
  86          
  87          //UART4中断
  88          void UART4_Isr() interrupt 18
  89          {
  90   1          if(UART4_GET_TX_FLAG)
  91   1        {
  92   2              UART4_CLEAR_TX_FLAG;
  93   2          busy[4] = 0;
  94   2        }
  95   1          if(UART4_GET_RX_FLAG)
  96   1        {
  97   2              UART4_CLEAR_RX_FLAG;
  98   2          //S4BUF;
  99   2      
 100   2        }
 101   1      }
 102          
 103          
 104          
 105          void INT0_Isr() interrupt 0
 106          {
 107   1      
 108   1      }
 109          void INT1_Isr() interrupt 2
 110          {
 111   1      
 112   1      }
 113          void INT2_Isr() interrupt 10
C51 COMPILER V9.60.0.0   ISR                                                               11/12/2021 23:21:09 PAGE 3   

 114          {
 115   1        INT2_CLEAR_FLAG;  //清除中断标志
 116   1      }
 117          void INT3_Isr() interrupt 11
 118          {
 119   1        INT3_CLEAR_FLAG;  //清除中断标志
 120   1      }
 121          
 122          void INT4_Isr() interrupt 16
 123          {
 124   1        INT4_CLEAR_FLAG;  //清除中断标志
 125   1      }
 126          
 127          void TM0_Isr() interrupt 1
 128          {
 129   1      
 130   1      }
 131          void TM1_Isr() interrupt 3
 132          {
 133   1        
 134   1      }
 135          void TM2_Isr() interrupt 12
 136          {
 137   1        TIM2_CLEAR_FLAG;  //清除中断标志
 138   1      }
 139          void TM3_Isr() interrupt 19
 140          {
 141   1        TIM3_CLEAR_FLAG; //清除中断标志
 142   1        if(DIR == 1)
 143   1          {
 144   2            dat = ctimer_count_read(CTIM0_P34);
 145   2          }
 146   1          else
 147   1          {
 148   2            dat = -ctimer_count_read(CTIM0_P34);
 149   2          }
 150   1          ctimer_count_clean(CTIM0_P34);
 151   1          speed=Position_PID_Realize(220.0,(float)dat);
 152   1          //speed=PID_Calculate(&Motor[0],125.0,(float)dat);
 153   1      //    if(speed>2000)
 154   1      //      speed=2000;
 155   1          pwm_duty(PWM4P_P66,(int)speed);
 156   1      }
 157          
 158          void TM4_Isr() interrupt 20
 159          {
 160   1        TIM4_CLEAR_FLAG; //清除中断标志
 161   1        ccd_collect();
 162   1          //uart_putchar(DEBUG_UART,dat*10);
 163   1      }
 164          
 165          //void  INT0_Isr()  interrupt 0;
 166          //void  TM0_Isr()   interrupt 1;
 167          //void  INT1_Isr()  interrupt 2;
 168          //void  TM1_Isr()   interrupt 3;
 169          //void  UART1_Isr() interrupt 4;
 170          //void  ADC_Isr()   interrupt 5;
 171          //void  LVD_Isr()   interrupt 6;
 172          //void  PCA_Isr()   interrupt 7;
 173          //void  UART2_Isr() interrupt 8;
 174          //void  SPI_Isr()   interrupt 9;
 175          //void  INT2_Isr()  interrupt 10;
C51 COMPILER V9.60.0.0   ISR                                                               11/12/2021 23:21:09 PAGE 4   

 176          //void  INT3_Isr()  interrupt 11;
 177          //void  TM2_Isr()   interrupt 12;
 178          //void  INT4_Isr()  interrupt 16;
 179          //void  UART3_Isr() interrupt 17;
 180          //void  UART4_Isr() interrupt 18;
 181          //void  TM3_Isr()   interrupt 19;
 182          //void  TM4_Isr()   interrupt 20;
 183          //void  CMP_Isr()   interrupt 21;
 184          //void  I2C_Isr()   interrupt 24;
 185          //void  USB_Isr()   interrupt 25;
 186          //void  PWM1_Isr()  interrupt 26;
 187          //void  PWM2_Isr()  interrupt 27;


MODULE INFORMATION:   STATIC OVERLAYABLE
   CODE SIZE        =    460    ----
   CONSTANT SIZE    =   ----    ----
   XDATA SIZE       =      7    ----
   PDATA SIZE       =   ----    ----
   DATA SIZE        =   ----    ----
   IDATA SIZE       =   ----    ----
   BIT SIZE         =   ----    ----
   EDATA SIZE       =   ----    ----
   HDATA SIZE       =   ----    ----
   XDATA CONST SIZE =   ----    ----
   FAR CONST SIZE   =   ----    ----
END OF MODULE INFORMATION.


C51 COMPILATION COMPLETE.  0 WARNING(S),  0 ERROR(S)
