C51 COMPILER V9.60.0.0   MAIN                                                              11/12/2021 23:49:01 PAGE 1   


C51 COMPILER V9.60.0.0, COMPILATION OF MODULE MAIN
OBJECT MODULE PLACED IN .\Out_File\main.obj
COMPILER INVOKED BY: D:\Keil_for_C51\C51\BIN\C51.EXE ..\USER\src\main.c LARGE OMF2 OPTIMIZE(8,SPEED) BROWSE INCDIR(..\..
                    -\Libraries\libraries;..\..\Libraries\seekfree_libraries;..\..\Libraries\seekfree_peripheral;..\USER\inc;..\USER\src;..\C
                    -ODE;..\BSP\Position_PID;..\BSP\oled;..\BSP\PID) DEBUG PRINT(.\Out_File\main.lst) TABS(2) OBJECT(.\Out_File\main.obj)

line level    source

   1          /*********************************************************************************************************
             -************
   2           * COPYRIGHT NOTICE
   3           * Copyright (c) 2020,逐飞科技
   4           * All rights reserved.
   5           * 技术讨论QQ群：一群：179029047(已满)  二群：244861897(已满)  三群：824575535
   6           *
   7           * 以下所有内容版权均属逐飞科技所有，未经允许不得用于商业用途，
   8           * 欢迎各位使用并传播本程序，修改内容时必须保留逐飞科技的版权声明。
   9           *
  10           * @file          main
  11           * @company       成都逐飞科技有限公司
  12           * @author        逐飞科技(QQ790875685)
  13           * @version       查看doc内version文件 版本说明
  14           * @Software    MDK FOR C51 V9.60
  15           * @Target core   STC8H8K64S4
  16           * @Taobao      https://seekfree.taobao.com/
  17           * @date          2020-06-01
  18           *********************************************************************************************************
             -***********/
  19          
  20          #include "headfile.h"
  21          #include "Position_PID.h"
  22          #include "PID.h"
  23          
  24          //board.h文件中FOSC的值设置为0,则程序自动识别系统频率
  25          
  26          /*board.h文件中FOSC的值设置不为0，则系统频率为FOSC的值，
  27          在使用stc-isp工具下载程序的时候需要将IRC频率设置为FOSC的值*/
  28          
  29          /*在board_init中,已经将P54引脚设置为复位
  30          如果需要使用P54引脚,可以在board.c文件中的board_init()函数中删除SET_P54_RESRT即可*/
  31          
  32          uint16 duty;
  33          extern int dat;
  34          extern float speed;
  35          
  36          int out[2];
  37          
  38          
  39          void vcan_sendware(void *wareaddr, uint32 waresize)
  40          {
  41   1      #define VCAN_PORT UART_1
  42   1      #define CMD_WARE     3
  43   1      
  44   1          int16 i, tem;
  45   1          uint8 cmdf[2] = {CMD_WARE, ~CMD_WARE};
  46   1          uint8 cmdr[2] = {~CMD_WARE, CMD_WARE};
  47   1      
  48   1          for (i = 0; i < waresize; i += 2)
  49   1          {
  50   2              tem = ((uint8 *) wareaddr)[i];
  51   2              ((uint8 *) wareaddr)[i] = ((uint8 *) wareaddr)[i + 1];
C51 COMPILER V9.60.0.0   MAIN                                                              11/12/2021 23:49:01 PAGE 2   

  52   2              ((uint8 *) wareaddr)[i + 1] = tem;
  53   2          }
  54   1          uart_putbuff(VCAN_PORT, cmdf, sizeof(cmdf));
  55   1          uart_putbuff(VCAN_PORT, (uint8 *) wareaddr, waresize);
  56   1          uart_putbuff(VCAN_PORT, cmdr, sizeof(cmdr));
  57   1      }
  58          
  59          
  60          void main()
  61          {
  62   1        DisableGlobalIRQ(); //关闭总中断
  63   1        board_init(); 
  64   1        pit_timer_ms(TIM_3, 20);
  65   1        pwm_init(PWM4P_P66, 13000, 0);     //初始化PWM5  使用引脚P2.5  输出PWM频率10000HZ   占空比为百分之 pwm_du
             -ty / PWM_DUTY_MAX * 100
  66   1        P64=1;
  67   1        ctimer_count_init(CTIM0_P34);
  68   1        duty=1000;
  69   1        Position_PID_Init(26,4.2,1.2,40000);
  70   1        //PID_Init(&Motor[0],12000,6000,POSITION_PID,2,0.015,0.4);
  71   1        EnableGlobalIRQ();  //开启总中断
  72   1          while(1)
  73   1        {
  74   2          out[0]=dat*50;
  75   2          out[1]=220*50;
  76   2          //pwm_duty(PWM4P_P66, duty);
  77   2          //printf("%d %d\r\n",dat,speed);
  78   2          vcan_sendware(out,sizeof(out));
  79   2          }
  80   1      }
  81          
  82          /*
  83           *  @brief      ?????????? (STC8H8K64)
  84           *  @param      *wareaddr       ??????????
  85           *  @param      waresize        ???????
  86           *  @return     void
  87           *  Sample usage:               vcan_sendware(out, sizeof(out));
  88           *  @note       out?????    ?: int16 out[2];
  89           *              ?? uart_putbuff ????????,????????16????
  90           *              ???? int16 ??
  91           */
  92          


MODULE INFORMATION:   STATIC OVERLAYABLE
   CODE SIZE        =    400    ----
   CONSTANT SIZE    =      4    ----
   XDATA SIZE       =      6      15
   PDATA SIZE       =   ----    ----
   DATA SIZE        =   ----    ----
   IDATA SIZE       =   ----    ----
   BIT SIZE         =   ----    ----
   EDATA SIZE       =   ----    ----
   HDATA SIZE       =   ----    ----
   XDATA CONST SIZE =   ----    ----
   FAR CONST SIZE   =   ----    ----
END OF MODULE INFORMATION.


C51 COMPILATION COMPLETE.  0 WARNING(S),  0 ERROR(S)
